        :-) GROMACS - gmx grompp, 2023.2-20231019-33a0c9850-unknown (-:

Executable:   /public/home/chengz/apprepo/gromacs_threadMPI/2023.2-dtk23.10_hpcx241/app/bin/gmx
Data prefix:  /public/home/chengz/apprepo/gromacs_threadMPI/2023.2-dtk23.10_hpcx241/app
Working dir:  /tmp/scrtch/chengz/gro_75187927/ofet
Command line:
  gmx grompp -f md_0.mdp -p mol_oscff.top -c mol.gro -o md.tpr

Generating 1-4 interactions: fudge = 0.5
Number of degrees of freedom in T-Coupling group System is 6797.00

GROMACS reminds you: "A professor is one who talks in someone else's sleep." (W.H. Auden)

Setting the LD random seed to 1735786363

Generated 15 of the 15 non-bonded parameter combinations

Generated 15 of the 15 1-4 parameter combinations

Excluding 3 bonded neighbours molecule type 'mol'

turning H bonds into constraints...
Analysing residue names:
There are:   100      Other residues
Analysing residues not classified as Protein/DNA/RNA/Water and splitting into groups...

The largest distance between excluded atoms is 0.398 nm between atom 2119 and 2131

Determining Verlet buffer for a tolerance of 0.005 kJ/mol/ps at 298.15 K

Calculated rlist for 1x1 atom pair-list as 1.008 nm, buffer size 0.008 nm

Set rlist, assuming 4x4 atom pair-list, to 1.000 nm, buffer size 0.000 nm

Note that mdrun will redetermine rlist based on the actual pair-list setup
Calculating fourier grid dimensions for X Y Z
Using a fourier grid of 28x28x28, spacing 0.111 0.111 0.111

Estimate for the relative computational load of the PME mesh part: 0.22

This run will generate roughly 2 Mb of data
