        :-) GROMACS - gmx grompp, 2023.2-20231019-33a0c9850-unknown (-:

Executable:   /public/home/chengz/apprepo/gromacs_threadMPI/2023.2-dtk23.10_hpcx241/app/bin/gmx
Data prefix:  /public/home/chengz/apprepo/gromacs_threadMPI/2023.2-dtk23.10_hpcx241/app
Working dir:  /tmp/scrtch/chengz/gro_75187919/elec
Command line:
  gmx grompp -f md_0.mdp -p mol_oscff.top -c mol.gro -o md.tpr

Generating 1-4 interactions: fudge = 0.5
Number of degrees of freedom in T-Coupling group System is 12397.00

GROMACS reminds you: "Your Bones Got a Little Machine" (Pixies)

Setting the LD random seed to -135700499

Generated 21 of the 21 non-bonded parameter combinations

Generated 21 of the 21 1-4 parameter combinations

Excluding 3 bonded neighbours molecule type 'mol'

turning H bonds into constraints...
Analysing residue names:
There are:   100      Other residues
Analysing residues not classified as Protein/DNA/RNA/Water and splitting into groups...

The largest distance between excluded atoms is 0.398 nm between atom 1264 and 1274

Determining Verlet buffer for a tolerance of 0.005 kJ/mol/ps at 298.15 K

Calculated rlist for 1x1 atom pair-list as 1.010 nm, buffer size 0.010 nm

Set rlist, assuming 4x4 atom pair-list, to 1.000 nm, buffer size 0.000 nm

Note that mdrun will redetermine rlist based on the actual pair-list setup
Calculating fourier grid dimensions for X Y Z
Using a fourier grid of 32x32x32, spacing 0.119 0.119 0.119

Estimate for the relative computational load of the PME mesh part: 0.21

This run will generate roughly 3 Mb of data
